INFO  [2015-05-17 04:29:32,639] edu.sjsu.cmpe.cache.CacheService: Loaded resources
WARN  [2015-05-17 04:29:32,685] com.yammer.dropwizard.config.ServerFactory: 
!!!!!!!!!!!!!!!!!!!!!!!!!!!!!!!!!!!!!!!!!!!!!!!!!!!!!!!!!!!!!!!!!!!!!!!!!!!!!!!!
!!!!!!!!!!!!!!!!!!!!!!!!!!!!!!!!!!!!!!!!!!!!!!!!!!!!!!!!!!!!!!!!!!!!!!!!!!!!!!!!
!    THIS SERVICE HAS NO HEALTHCHECKS. THIS MEANS YOU WILL NEVER KNOW IF IT    !
!    DIES IN PRODUCTION, WHICH MEANS YOU WILL NEVER KNOW IF YOU'RE LETTING     !
!     YOUR USERS DOWN. YOU SHOULD ADD A HEALTHCHECK FOR EACH DEPENDENCY OF     !
!     YOUR SERVICE WHICH FULLY (BUT LIGHTLY) TESTS YOUR SERVICE'S ABILITY TO   !
!      USE THAT SERVICE. THINK OF IT AS A CONTINUOUS INTEGRATION TEST.         !
!!!!!!!!!!!!!!!!!!!!!!!!!!!!!!!!!!!!!!!!!!!!!!!!!!!!!!!!!!!!!!!!!!!!!!!!!!!!!!!!
!!!!!!!!!!!!!!!!!!!!!!!!!!!!!!!!!!!!!!!!!!!!!!!!!!!!!!!!!!!!!!!!!!!!!!!!!!!!!!!!
INFO  [2015-05-17 04:29:32,867] com.yammer.dropwizard.cli.ServerCommand: Starting cache-server
INFO  [2015-05-17 04:29:32,872] org.eclipse.jetty.server.Server: jetty-8.y.z-SNAPSHOT
INFO  [2015-05-17 04:29:33,178] com.sun.jersey.server.impl.application.WebApplicationImpl: Initiating Jersey application, version 'Jersey: 1.17.1 02/28/2013 12:47 PM'
INFO  [2015-05-17 04:29:33,356] com.yammer.dropwizard.config.Environment: The following paths were found for the configured resources:

    GET     /cache/ (edu.sjsu.cmpe.cache.api.resources.CacheResource)
    GET     /cache/{key} (edu.sjsu.cmpe.cache.api.resources.CacheResource)
    PUT     /cache/{key}/{value} (edu.sjsu.cmpe.cache.api.resources.CacheResource)

INFO  [2015-05-17 04:29:33,357] com.yammer.dropwizard.config.Environment: tasks = 

    POST    /tasks/gc (com.yammer.dropwizard.tasks.GarbageCollectionTask)

INFO  [2015-05-17 04:29:34,041] org.eclipse.jetty.server.AbstractConnector: Started InstrumentedBlockingChannelConnector@0.0.0.0:3001
INFO  [2015-05-17 04:29:34,049] org.eclipse.jetty.server.AbstractConnector: Started SocketConnector@0.0.0.0:7001
INFO  [2015-05-17 04:33:22,393] org.eclipse.jetty.server.Server: Graceful shutdown SocketConnector@0.0.0.0:7001
INFO  [2015-05-17 04:33:22,394] org.eclipse.jetty.server.Server: Graceful shutdown InstrumentedBlockingChannelConnector@0.0.0.0:3001
INFO  [2015-05-17 04:33:22,397] org.eclipse.jetty.server.Server: Graceful shutdown o.e.j.s.ServletContextHandler{/,null}
INFO  [2015-05-17 04:33:22,397] org.eclipse.jetty.server.Server: Graceful shutdown o.e.j.s.ServletContextHandler{/,null}
INFO  [2015-05-17 04:33:24,454] org.eclipse.jetty.server.handler.ContextHandler: stopped o.e.j.s.ServletContextHandler{/,null}
INFO  [2015-05-17 04:33:24,454] org.eclipse.jetty.server.handler.ContextHandler: stopped o.e.j.s.ServletContextHandler{/,null}
INFO  [2015-05-17 05:44:56,341] edu.sjsu.cmpe.cache.CacheService: Resources are loaded
WARN  [2015-05-17 05:44:56,388] com.yammer.dropwizard.config.ServerFactory: 
!!!!!!!!!!!!!!!!!!!!!!!!!!!!!!!!!!!!!!!!!!!!!!!!!!!!!!!!!!!!!!!!!!!!!!!!!!!!!!!!
!!!!!!!!!!!!!!!!!!!!!!!!!!!!!!!!!!!!!!!!!!!!!!!!!!!!!!!!!!!!!!!!!!!!!!!!!!!!!!!!
!    THIS SERVICE HAS NO HEALTHCHECKS. THIS MEANS YOU WILL NEVER KNOW IF IT    !
!    DIES IN PRODUCTION, WHICH MEANS YOU WILL NEVER KNOW IF YOU'RE LETTING     !
!     YOUR USERS DOWN. YOU SHOULD ADD A HEALTHCHECK FOR EACH DEPENDENCY OF     !
!     YOUR SERVICE WHICH FULLY (BUT LIGHTLY) TESTS YOUR SERVICE'S ABILITY TO   !
!      USE THAT SERVICE. THINK OF IT AS A CONTINUOUS INTEGRATION TEST.         !
!!!!!!!!!!!!!!!!!!!!!!!!!!!!!!!!!!!!!!!!!!!!!!!!!!!!!!!!!!!!!!!!!!!!!!!!!!!!!!!!
!!!!!!!!!!!!!!!!!!!!!!!!!!!!!!!!!!!!!!!!!!!!!!!!!!!!!!!!!!!!!!!!!!!!!!!!!!!!!!!!
INFO  [2015-05-17 05:44:56,564] com.yammer.dropwizard.cli.ServerCommand: Starting cache-server
INFO  [2015-05-17 05:44:56,569] org.eclipse.jetty.server.Server: jetty-8.y.z-SNAPSHOT
INFO  [2015-05-17 05:44:56,890] com.sun.jersey.server.impl.application.WebApplicationImpl: Initiating Jersey application, version 'Jersey: 1.17.1 02/28/2013 12:47 PM'
INFO  [2015-05-17 05:44:57,034] com.yammer.dropwizard.config.Environment: The following paths were found for the configured resources:

    GET     /cache/ (edu.sjsu.cmpe.cache.api.resources.CacheResource)
    GET     /cache/{key} (edu.sjsu.cmpe.cache.api.resources.CacheResource)
    PUT     /cache/{key}/{value} (edu.sjsu.cmpe.cache.api.resources.CacheResource)

INFO  [2015-05-17 05:44:57,034] com.yammer.dropwizard.config.Environment: tasks = 

    POST    /tasks/gc (com.yammer.dropwizard.tasks.GarbageCollectionTask)

INFO  [2015-05-17 05:44:57,679] org.eclipse.jetty.server.AbstractConnector: Started InstrumentedBlockingChannelConnector@0.0.0.0:3001
INFO  [2015-05-17 05:44:57,687] org.eclipse.jetty.server.AbstractConnector: Started SocketConnector@0.0.0.0:7001
